<?xml version="1.0" encoding="UTF-8"?>
<!-- Generated by org.testng.reporters.JUnitReportReporter -->
<testsuite hostname="BDC3-DX-4BG3N62" name="com.test.NewTest8" tests="3" failures="0" timestamp="9 Apr 2019 06:21:17 GMT" time="9.674" errors="0">
  <testcase name="testValidUserDemoWebShop" time="4.811" classname="com.test.NewTest8"/>
  <testcase name="testValidUserDemoWebShop" time="2.402" classname="com.test.NewTest8"/>
  <testcase name="testValidUserDemoWebShop" time="2.461" classname="com.test.NewTest8"/>
</testsuite> <!-- com.test.NewTest8 -->
