<?xml version="1.0" encoding="UTF-8"?>
<!-- Generated by org.testng.reporters.JUnitReportReporter -->
<testsuite hostname="BDC3-DX-4BG3N62" name="com.test.NewTest6" tests="1" failures="0" timestamp="9 Apr 2019 03:56:55 GMT" time="15.781" errors="0">
  <testcase name="testDropDown" time="15.781" classname="com.test.NewTest6"/>
</testsuite> <!-- com.test.NewTest6 -->
