<?xml version="1.0" encoding="UTF-8"?>
<!-- Generated by org.testng.reporters.JUnitReportReporter -->
<testsuite hostname="BDC3-DX-4BG3N62" name="com.test.NewTest12" tests="1" failures="0" timestamp="8 Apr 2019 06:55:35 GMT" time="0.036" errors="0">
  <testcase name="test1" time="0.036" classname="com.test.NewTest12"/>
</testsuite> <!-- com.test.NewTest12 -->
