<?xml version="1.0" encoding="UTF-8"?>
<!-- Generated by org.testng.reporters.JUnitReportReporter -->
<testsuite hostname="BDC3-DX-4BG3N62" name="com.test.NewTest5" tests="1" failures="0" timestamp="9 Apr 2019 04:07:11 GMT" time="52.873" errors="0">
  <testcase name="testKeys" time="52.873" classname="com.test.NewTest5"/>
</testsuite> <!-- com.test.NewTest5 -->
