<?xml version="1.0" encoding="UTF-8"?>
<!-- Generated by org.testng.reporters.JUnitReportReporter -->
<testsuite hostname="BDC3-DX-4BG3N62" name="com.test.NewTest7" tests="1" failures="0" timestamp="9 Apr 2019 05:01:25 GMT" time="1.123" errors="0">
  <testcase name="dataDriven" time="1.123" classname="com.test.NewTest7"/>
</testsuite> <!-- com.test.NewTest7 -->
