<?xml version="1.0" encoding="UTF-8"?>
<!-- Generated by org.testng.reporters.JUnitReportReporter -->
<testsuite hostname="BDC3-DX-4BG3N62" name="com.test.NewTest4" tests="1" failures="0" timestamp="8 Apr 2019 09:43:26 GMT" time="40.270" errors="0">
  <testcase name="testDragAndDrop" time="40.270" classname="com.test.NewTest4"/>
</testsuite> <!-- com.test.NewTest4 -->
