<?xml version="1.0" encoding="UTF-8"?>
<!-- Generated by org.testng.reporters.JUnitReportReporter -->
<testsuite hostname="BDC3-DX-4BG3N62" name="com.credit.NewTest3" tests="1" failures="0" timestamp="8 Apr 2019 07:45:28 GMT" time="32.130" errors="0">
  <testcase name="testLinks" time="32.130" classname="com.credit.NewTest3"/>
</testsuite> <!-- com.credit.NewTest3 -->
